<?xml version="1.0" encoding="UTF-8"?>
<!-- Generated by org.testng.reporters.JUnitReportReporter -->
<testsuite hostname="SahilBhayana" failures="0" tests="1" name="com.salesforce.assingment.SalesforceAutomation" time="21.127" errors="0" timestamp="2022-09-29T20:38:29 PDT" skipped="0">
  <testcase classname="com.salesforce.assingment.SalesforceAutomation" name="TC22defaultview" time="21.127"/>
  <system-out/>
</testsuite> <!-- com.salesforce.assingment.SalesforceAutomation -->
