<?xml version="1.0" encoding="UTF-8"?>
<!-- Generated by org.testng.reporters.JUnitReportReporter -->
<testsuite hostname="SahilBhayana" failures="0" tests="1" name="com.salesforce.test.tests.logTest" time="0.022" errors="0" timestamp="2022-09-30T00:35:27 PDT" skipped="0">
  <testcase classname="com.salesforce.test.tests.logTest" name="performSomeTask1" time="0.022"/>
  <system-out/>
</testsuite> <!-- com.salesforce.test.tests.logTest -->
